<?xml version="1.0" encoding="UTF-8"?>
<testng-results ignored="0" total="2" passed="2" failed="0" skipped="0">
  <reporter-output>
  </reporter-output>
  <suite started-at="2023-06-18T23:11:23 IST" name="Command line suite" finished-at="2023-06-18T23:12:15 IST" duration-ms="52791">
    <groups>
    </groups>
    <test started-at="2023-06-18T23:11:23 IST" name="Command line test" finished-at="2023-06-18T23:12:15 IST" duration-ms="52791">
      <class name="com.NykaaCucumber_IPT.runner.TestRunner">
        <test-method signature="browser()[pri:0, instance:com.NykaaCucumber_IPT.runner.TestRunner@28975c28]" started-at="2023-06-18T23:11:23 IST" name="browser" finished-at="2023-06-18T23:12:14 IST" duration-ms="51241" status="PASS">
          <reporter-output>
          </reporter-output>
        </test-method> <!-- browser -->
        <test-method signature="login()[pri:0, instance:com.NykaaCucumber_IPT.runner.TestRunner@28975c28]" started-at="2023-06-18T23:12:14 IST" name="login" finished-at="2023-06-18T23:12:15 IST" duration-ms="1452" status="PASS">
          <reporter-output>
          </reporter-output>
        </test-method> <!-- login -->
      </class> <!-- com.NykaaCucumber_IPT.runner.TestRunner -->
    </test> <!-- Command line test -->
  </suite> <!-- Command line suite -->
</testng-results>
